<?xml version="1.0" encoding="UTF-8"?>
<!-- Generated by org.testng.reporters.JUnitReportReporter -->
<testsuite hostname="ASUS" failures="0" tests="1" name="com.test.Login.Diagnosis" time="12.183" errors="0" timestamp="2024-04-29T18:17:40 IST" skipped="0">
  <testcase classname="com.test.Login.Diagnosis" name="fillDiagnosis" time="12.183"/>
  <system-out/>
</testsuite> <!-- com.test.Login.Diagnosis -->
