<?xml version="1.0" encoding="UTF-8"?>
<!-- Generated by org.testng.reporters.JUnitReportReporter -->
<testsuite hostname="ASUS" failures="0" tests="1" name="com.test.Login.Login" time="13.731" errors="0" timestamp="2024-04-25T15:55:18 IST" skipped="0">
  <testcase classname="com.test.Login.Login" name="Login" time="13.731"/>
  <system-out/>
</testsuite> <!-- com.test.Login.Login -->
