<?xml version="1.0" encoding="UTF-8"?>
<!-- Generated by org.testng.reporters.JUnitReportReporter -->
<testsuite hostname="ASUS" failures="0" tests="1" name="com.test.Login.scehduleAppointment" time="27.228" errors="0" timestamp="2024-05-01T10:33:13 IST" skipped="0">
  <testcase classname="com.test.Login.scehduleAppointment" name="addPatient" time="27.228"/>
  <system-out/>
</testsuite> <!-- com.test.Login.scehduleAppointment -->
